0 381 92928
1 379 256
2 377 1228800
3 375 768
4 373 2654208
5 371 1536
6 369 3538944
7 367 1024
8 365 2359296
9 363 1024
10 361 150994944
11 359 16384
12 357 67108864
13 355 16384
14 353 16384000
15 351 4000
16 316 77070336
17 71 99123200
18 20 4392300
21 69 23887872
22 70 47775744
23 68 71663616
24 25 4665600
26 66 16613376
27 67 33226752
28 65 33226752
29 30 1168128
31 64 22151168
32 33 2336256
34 63 22151168
35 36 1557504
37 61 4718592
38 62 9437184
39 53 4718592
40 60 1179648
41 59 4718592
42 58 2097152
43 44 1048576
45 57 524288
46 56 2097152
47 55 2097152
48 49 1048576
50 72 512000
51 52 1048576
54 317 512000
73 382 77070336
74 383 512000
75 207 99123200
76 77 4392300
78 201 23887872
79 204 47775744
80 194 71663616
81 82 4665600
83 188 16613376
84 191 33226752
85 181 33226752
86 87 1168128
88 172 22151168
89 90 2336256
91 163 22151168
92 93 1557504
94 157 4718592
95 160 9437184
96 110 4718592
97 154 1179648
98 151 4718592
99 146 2097152
100 101 1048576
102 143 524288
103 140 2097152
104 135 2097152
105 106 1048576
107 315 512000
108 109 1048576
111 127 512000
112 118 512000
113 117 4
114 116 4
115 218 4
119 217 4
120 122 4
121 124 4
123 126 512000
125 132 512000
128 134 2097152
130 352 16384000
131 350 4000
133 139 2097152
136 142 2097152
137 356 67108864
138 354 16384
141 145 2097152
144 150 2097152
147 153 4718592
148 360 150994944
149 358 16384
152 156 4718592
155 159 4718592
158 162 22151168
161 169 22151168
164 171 22151168
165 168 1557504
166 362 1024
167 364 2359296
170 178 22151168
173 180 33226752
174 177 2336256
175 366 1024
176 368 3538944
179 187 33226752
182 190 16613376
183 186 1168128
184 370 1536
185 372 2654208
189 193 71663616
192 200 71663616
195 203 23887872
196 199 4665600
197 374 768
198 376 1228800
202 206 99123200
205 216 99123200
208 378 256
209 212 1024
210 211 256
213 380 92928
214 215 4392300
219 318 92928
220 319 92928
221 320 256
222 321 256
223 322 1228800
224 323 1228800
225 324 768
226 325 768
227 326 2654208
228 327 2654208
229 328 1536
230 329 1536
231 330 3538944
232 331 3538944
233 332 1024
234 333 1024
235 334 2359296
236 335 2359296
237 336 1024
238 337 1024
239 338 150994944
240 339 150994944
241 340 16384
242 341 16384
243 342 67108864
244 343 67108864
245 344 16384
246 345 16384
247 346 16384000
248 347 16384000
249 348 4000
250 349 4000
251 253 92928
252 257 92928
254 256 256
255 261 256
258 260 1228800
259 265 1228800
262 264 768
263 269 768
266 268 2654208
267 273 2654208
270 272 1536
271 277 1536
274 276 3538944
275 281 3538944
278 280 1024
279 285 1024
282 284 2359296
283 289 2359296
286 288 1024
287 293 1024
290 292 150994944
291 297 150994944
294 296 16384
295 301 16384
298 300 67108864
299 305 67108864
302 304 16384
303 309 16384
306 308 16384000
307 313 16384000
310 312 4000
311 314 4000
19 384 4194304
129 385 4194304
